<?xml version="1.0" encoding="UTF-8"?>
<!-- Generated by org.testng.reporters.JUnitReportReporter -->
<testsuite hostname="DESKTOP-AHJ7FPI" failures="0" tests="1" name="com.Test.Register_User" time="13.518" errors="0" timestamp="2025-02-01T22:37:08 IST" skipped="0">
  <testcase classname="com.Test.Register_User" name="registerUser" time="13.518"/>
</testsuite> <!-- com.Test.Register_User -->
