<?xml version="1.0" encoding="UTF-8"?>
<!-- Generated by org.testng.reporters.JUnitReportReporter -->
<testsuite hostname="DESKTOP-AHJ7FPI" failures="0" tests="1" name="com.Test.Register_User1" time="22.455" errors="0" timestamp="2025-02-04T13:22:22 IST" skipped="0">
  <testcase classname="com.Test.Register_User1" name="registerUser" time="22.455"/>
</testsuite> <!-- com.Test.Register_User1 -->
