<?xml version="1.0" encoding="UTF-8"?>
<!-- Generated by org.testng.reporters.JUnitReportReporter -->
<testsuite hostname="DESKTOP-AHJ7FPI" failures="0" tests="1" name="com.Test.Review21" time="19.193" errors="0" timestamp="2025-02-05T15:05:06 IST" skipped="0">
  <testcase classname="com.Test.Review21" name="review21" time="19.193"/>
</testsuite> <!-- com.Test.Review21 -->
