<?xml version="1.0" encoding="UTF-8"?>
<!-- Generated by org.testng.reporters.JUnitReportReporter -->
<testsuite hostname="DESKTOP-AHJ7FPI" failures="0" tests="1" name="com.Test.accDelete2" time="13.385" errors="0" timestamp="2025-02-07T21:42:31 IST" skipped="0">
  <testcase classname="com.Test.accDelete2" name="loginUser" time="13.385"/>
</testsuite> <!-- com.Test.accDelete2 -->
