<?xml version="1.0" encoding="UTF-8"?>
<!-- Generated by org.testng.reporters.JUnitReportReporter -->
<testsuite hostname="DESKTOP-AHJ7FPI" failures="0" tests="1" name="com.Test.TestCasesTab7" time="14.768" errors="0" timestamp="2025-02-07T11:34:29 IST" skipped="0">
  <testcase classname="com.Test.TestCasesTab7" name="contactUs" time="14.768"/>
</testsuite> <!-- com.Test.TestCasesTab7 -->
