<?xml version="1.0" encoding="UTF-8"?>
<!-- Generated by org.testng.reporters.JUnitReportReporter -->
<testsuite hostname="DESKTOP-AHJ7FPI" failures="0" tests="1" name="com.Test.accDelete2" time="38.538" errors="0" timestamp="2025-02-07T11:34:29 IST" skipped="0">
  <testcase classname="com.Test.accDelete2" name="loginUser" time="38.538"/>
</testsuite> <!-- com.Test.accDelete2 -->
