<?xml version="1.0" encoding="UTF-8"?>
<!-- Generated by org.testng.reporters.JUnitReportReporter -->
<testsuite hostname="DESKTOP-AHJ7FPI" failures="0" tests="1" name="com.Test.Addressverify23" time="66.525" errors="0" timestamp="2025-02-05T15:51:34 IST" skipped="0">
  <testcase classname="com.Test.Addressverify23" name="registerUser" time="66.525"/>
</testsuite> <!-- com.Test.Addressverify23 -->
