<?xml version="1.0" encoding="UTF-8"?>
<!-- Generated by org.testng.reporters.JUnitReportReporter -->
<testsuite hostname="DESKTOP-AHJ7FPI" failures="0" tests="1" name="com.Test.UseArrow25" time="13.608" errors="0" timestamp="2025-02-07T10:39:00 IST" skipped="0">
  <testcase classname="com.Test.UseArrow25" name="useArrow25" time="13.608"/>
</testsuite> <!-- com.Test.UseArrow25 -->
