<?xml version="1.0" encoding="UTF-8"?>
<!-- Generated by org.testng.reporters.JUnitReportReporter -->
<testsuite hostname="DESKTOP-AHJ7FPI" failures="0" tests="1" name="com.Test.RegisterBeforCheckout15" time="47.906" errors="0" timestamp="2025-02-04T10:51:20 IST" skipped="0">
  <testcase classname="com.Test.RegisterBeforCheckout15" name="resgisterBeforeCheckout15" time="47.906"/>
</testsuite> <!-- com.Test.RegisterBeforCheckout15 -->
