<?xml version="1.0" encoding="UTF-8"?>
<!-- Generated by org.testng.reporters.JUnitReportReporter -->
<testsuite hostname="DESKTOP-AHJ7FPI" failures="0" tests="1" name="com.Test.SearchProduct20" time="37.629" errors="0" timestamp="2025-02-07T22:42:57 IST" skipped="0">
  <testcase classname="com.Test.SearchProduct20" name="searchProducts" time="37.629"/>
</testsuite> <!-- com.Test.SearchProduct20 -->
