<?xml version="1.0" encoding="UTF-8"?>
<!-- Generated by org.testng.reporters.JUnitReportReporter -->
<testsuite hostname="DESKTOP-AHJ7FPI" failures="0" tests="1" name="com.Test.BrandProducts19" time="23.789" errors="0" timestamp="2025-02-04T14:53:11 IST" skipped="0">
  <testcase classname="com.Test.BrandProducts19" name="brandProducts19" time="23.789"/>
</testsuite> <!-- com.Test.BrandProducts19 -->
