<?xml version="1.0" encoding="UTF-8"?>
<!-- Generated by org.testng.reporters.JUnitReportReporter -->
<testsuite hostname="DESKTOP-AHJ7FPI" failures="0" tests="1" name="com.Test.WithoutArrow26" time="8.039" errors="0" timestamp="2025-02-07T22:43:40 IST" skipped="0">
  <testcase classname="com.Test.WithoutArrow26" name="useArrow25" time="8.039"/>
</testsuite> <!-- com.Test.WithoutArrow26 -->
