<?xml version="1.0" encoding="UTF-8"?>
<!-- Generated by org.testng.reporters.JUnitReportReporter -->
<testsuite hostname="DESKTOP-AHJ7FPI" failures="0" tests="1" name="com.Test.Recommend22" time="11.510" errors="0" timestamp="2025-02-05T15:23:01 IST" skipped="0">
  <testcase classname="com.Test.Recommend22" name="recommend" time="11.510"/>
</testsuite> <!-- com.Test.Recommend22 -->
