<?xml version="1.0" encoding="UTF-8"?>
<!-- Generated by org.testng.reporters.JUnitReportReporter -->
<testsuite hostname="DESKTOP-AHJ7FPI" failures="0" tests="1" name="com.Test.LoginUser" time="9.228" errors="0" timestamp="2025-02-01T22:37:08 IST" skipped="0">
  <testcase classname="com.Test.LoginUser" name="loginUser" time="9.228"/>
</testsuite> <!-- com.Test.LoginUser -->
