<?xml version="1.0" encoding="UTF-8"?>
<!-- Generated by org.testng.reporters.JUnitReportReporter -->
<testsuite hostname="DESKTOP-AHJ7FPI" failures="0" tests="1" name="com.Test.Addressverify23" time="54.211" errors="0" timestamp="2025-02-07T10:00:45 IST" skipped="0">
  <testcase classname="com.Test.Addressverify23" name="registerUser" time="54.211"/>
</testsuite> <!-- com.Test.Addressverify23 -->
