<?xml version="1.0" encoding="UTF-8"?>
<!-- Generated by org.testng.reporters.JUnitReportReporter -->
<testsuite hostname="DESKTOP-AHJ7FPI" failures="0" tests="1" name="com.Test.ViwProduct13" time="10.769" errors="0" timestamp="2025-02-07T22:42:57 IST" skipped="0">
  <testcase classname="com.Test.ViwProduct13" name="products8" time="10.769"/>
</testsuite> <!-- com.Test.ViwProduct13 -->
