<?xml version="1.0" encoding="UTF-8"?>
<!-- Generated by org.testng.reporters.JUnitReportReporter -->
<testsuite hostname="DESKTOP-AHJ7FPI" failures="0" tests="3" name="com.Test.accDelete2" time="95.555" errors="0" timestamp="2025-02-07T22:42:57 IST" skipped="0">
  <testcase classname="com.Test.accDelete2" name="loginUser" time="30.747"/>
  <testcase classname="com.Test.accDelete2" name="loginUser" time="32.400"/>
  <testcase classname="com.Test.accDelete2" name="loginUser" time="32.408"/>
</testsuite> <!-- com.Test.accDelete2 -->
