<?xml version="1.0" encoding="UTF-8"?>
<!-- Generated by org.testng.reporters.JUnitReportReporter -->
<testsuite hostname="DESKTOP-AHJ7FPI" failures="0" tests="5" name="com.Test.Register_User1" time="83.827" errors="0" timestamp="2025-02-07T22:42:57 IST" skipped="0">
  <testcase classname="com.Test.Register_User1" name="registerUser" time="18.290"/>
  <testcase classname="com.Test.Register_User1" name="registerUser" time="15.509"/>
  <testcase classname="com.Test.Register_User1" name="registerUser" time="15.885"/>
  <testcase classname="com.Test.Register_User1" name="registerUser" time="17.675"/>
  <testcase classname="com.Test.Register_User1" name="registerUser" time="16.468"/>
</testsuite> <!-- com.Test.Register_User1 -->
