<?xml version="1.0" encoding="UTF-8"?>
<!-- Generated by org.testng.reporters.JUnitReportReporter -->
<testsuite hostname="DESKTOP-AHJ7FPI" failures="0" tests="1" name="com.Test.Products8" time="8.045" errors="0" timestamp="2025-02-07T22:42:57 IST" skipped="0">
  <testcase classname="com.Test.Products8" name="products8" time="8.045"/>
</testsuite> <!-- com.Test.Products8 -->
