<?xml version="1.0" encoding="UTF-8"?>
<!-- Generated by org.testng.reporters.JUnitReportReporter -->
<testsuite hostname="DESKTOP-AHJ7FPI" failures="0" tests="1" name="com.Test.LogoutTest" time="9.543" errors="0" timestamp="2025-02-01T22:55:37 IST" skipped="0">
  <testcase classname="com.Test.LogoutTest" name="logoutTest" time="9.543"/>
</testsuite> <!-- com.Test.LogoutTest -->
