<?xml version="1.0" encoding="UTF-8"?>
<!-- Generated by org.testng.reporters.JUnitReportReporter -->
<testsuite hostname="DESKTOP-AHJ7FPI" failures="0" tests="1" name="com.Test.LoginWrongInput3" time="7.649" errors="0" timestamp="2025-02-01T22:41:56 IST" skipped="0">
  <testcase classname="com.Test.LoginWrongInput3" name="loginUserWrongInput" time="7.649"/>
</testsuite> <!-- com.Test.LoginWrongInput3 -->
