<?xml version="1.0" encoding="UTF-8"?>
<!-- Generated by org.testng.reporters.JUnitReportReporter -->
<testsuite hostname="DESKTOP-AHJ7FPI" failures="0" tests="1" name="com.Test.ExistingAcc5" time="9.241" errors="0" timestamp="2025-02-07T22:42:57 IST" skipped="0">
  <testcase classname="com.Test.ExistingAcc5" name="existingAcc" time="9.241"/>
</testsuite> <!-- com.Test.ExistingAcc5 -->
