<?xml version="1.0" encoding="UTF-8"?>
<!-- Generated by org.testng.reporters.JUnitReportReporter -->
<testsuite hostname="DESKTOP-AHJ7FPI" failures="0" tests="1" name="com.Test.ContactUs6" time="11.283" errors="0" timestamp="2025-02-01T23:26:00 IST" skipped="0">
  <testcase classname="com.Test.ContactUs6" name="contactUs" time="11.283"/>
</testsuite> <!-- com.Test.ContactUs6 -->
